<?xml version="1.0" encoding="UTF-8"?>
<testsuite xmlns:xsi="http://www.w3.org/2001/XMLSchema-instance" xsi:noNamespaceSchemaLocation="https://maven.apache.org/surefire/maven-surefire-plugin/xsd/surefire-test-report-3.0.xsd" version="3.0" name="com.opentelemetry.service.ServiceApplicationTests" time="6.846" tests="1" errors="0" skipped="0" failures="0">
  <properties>
[...]
</properties>
  <testcase name="contextLoads" classname="com.opentelemetry.service.ServiceApplicationTests" time="1.472">
    <system-out><![CDATA[14:46:05.264 [main] INFO org.springframework.test.context.support.AnnotationConfigContextLoaderUtils -- Could not detect default configuration classes for test class [com.opentelemetry.service.ServiceApplicationTests]: ServiceApplicationTests does not declare any static, non-private, non-final, nested classes annotated with @Configuration.
14:46:05.488 [main] INFO org.springframework.boot.test.context.SpringBootTestContextBootstrapper -- Found @SpringBootConfiguration com.opentelemetry.service.ServiceApplication for test class com.opentelemetry.service.ServiceApplicationTests

  .   ____          _            __ _ _
 /\\ / ___'_ __ _ _(_)_ __  __ _ \ \ \ \
( ( )\___ | '_ | '_| | '_ \/ _` | \ \ \ \
 \\/  ___)| |_)| | | | | || (_| |  ) ) ) )
  '  |____| .__|_| |_|_| |_\__, | / / / /
 =========|_|==============|___/=/_/_/_/
 :: Spring Boot ::                (v3.1.0)

2023-06-16T14:46:06.416+05:30  INFO [app1,,] 12744 --- [           main] c.o.service.ServiceApplicationTests      : Starting ServiceApplicationTests using Java 20.0.1 with PID 12744 (started by USER in C:\Users\USER\Downloads\distributed-tracing)
2023-06-16T14:46:06.419+05:30  INFO [app1,,] 12744 --- [           main] c.o.service.ServiceApplicationTests      : No active profile set, falling back to 1 default profile: "default"
2023-06-16T14:46:10.015+05:30  INFO [app1,,] 12744 --- [           main] o.s.b.a.e.web.EndpointLinksResolver      : Exposing 1 endpoint(s) beneath base path '/actuator'
2023-06-16T14:46:10.116+05:30  INFO [app1,,] 12744 --- [           main] c.o.service.ServiceApplicationTests      : Started ServiceApplicationTests in 4.32 seconds (process running for 6.236)
]]></system-out>
  </testcase>
</testsuite>